<?xml version="1.0" encoding="UTF-8"?>
<!-- Generated by org.testng.reporters.JUnitReportReporter -->
<testsuite hostname="DESKTOP-VBL10S0" failures="0" tests="1" name="testBase.AllAnotationTest" time="0.008" errors="0" timestamp="2022-08-15T19:55:34 IST" skipped="0">
  <testcase classname="testBase.AllAnotationTest" name="maintest" time="0.008"/>
</testsuite> <!-- testBase.AllAnotationTest -->
