<?xml version="1.0" encoding="UTF-8"?>
<!-- Generated by org.testng.reporters.JUnitReportReporter -->
<testsuite hostname="DESKTOP-VBL10S0" failures="0" tests="3" name="testBase.OrderPageTest" time="161.228" errors="0" timestamp="2022-08-23T17:51:41 IST" skipped="0">
  <testcase classname="testBase.OrderPageTest" name="verifyHistoryTest" time="48.130"/>
  <testcase classname="testBase.OrderPageTest" name="verifyGetstartedText" time="47.606"/>
  <testcase classname="testBase.OrderPageTest" name="verifyByOrderTest" time="65.492"/>
</testsuite> <!-- testBase.OrderPageTest -->
