<?xml version="1.0" encoding="UTF-8"?>
<!-- Generated by org.testng.reporters.JUnitReportReporter -->
<testsuite hostname="DESKTOP-VBL10S0" failures="0" tests="2" name="testBase.LoginPageTest" time="30.160" errors="0" timestamp="2022-08-15T15:53:22 IST" skipped="0">
  <testcase classname="testBase.LoginPageTest" name="test2" time="15.602"/>
  <testcase classname="testBase.LoginPageTest" name="test1" time="14.558"/>
</testsuite> <!-- testBase.LoginPageTest -->
