<?xml version="1.0" encoding="UTF-8"?>
<!-- Generated by org.testng.reporters.JUnitReportReporter -->
<testsuite hostname="DESKTOP-VBL10S0" failures="0" tests="1" name="loginPageTest.Prog" time="36.692" errors="0" timestamp="2022-08-06T20:42:11 IST" skipped="0">
  <testcase classname="loginPageTest.Prog" name="test1" time="36.692"/>
</testsuite> <!-- loginPageTest.Prog -->
